<?xml version="1.0" encoding="UTF-8"?>
<!-- Generated by org.testng.reporters.JUnitXMLReporter -->
<testsuite ignored="0" hostname="DESKTOP-ACARL6V" failures="2" tests="2" name="NegativeTests" time="46.933" errors="0" timestamp="2020-02-02T19:49:43 IST">
  <testcase classname="com.herokuapp.theinternet.NegativeTests" name="incorrectpasswordtest" time="25.361">
    <failure type="org.openqa.selenium.WebDriverException" message="chrome not reachable
  (Session info: chrome=79.0.3945.130)
Build info: version: &amp;apos;3.141.59&amp;apos;, revision: &amp;apos;e82be7d358&amp;apos;, time: &amp;apos;2018-11-14T08:17:03&amp;apos;
System info: host: &amp;apos;DESKTOP-ACARL6V&amp;apos;, ip: &amp;apos;169.254.55.174&amp;apos;, os.name: &amp;apos;Windows 10&amp;apos;, os.arch: &amp;apos;amd64&amp;apos;, os.version: &amp;apos;10.0&amp;apos;, java.version: &amp;apos;12.0.1&amp;apos;
Driver info: org.openqa.selenium.chrome.ChromeDriver
Capabilities {acceptInsecureCerts: false, browserName: chrome, browserVersion: 79.0.3945.130, chrome: {chromedriverVersion: 79.0.3945.36 (3582db32b3389..., userDataDir: C:\Users\Shalini\AppData\Lo...}, goog:chromeOptions: {debuggerAddress: localhost:63595}, javascriptEnabled: true, networkConnectionEnabled: false, pageLoadStrategy: normal, platform: WINDOWS, platformName: WINDOWS, proxy: Proxy(), setWindowRect: true, strictFileInteractability: false, timeouts: {implicit: 0, pageLoad: 300000, script: 30000}, unhandledPromptBehavior: dismiss and notify}
Session ID: f6769fc77b47a0428e5c1dd272dd3193">
      <![CDATA[org.openqa.selenium.WebDriverException: chrome not reachable
  (Session info: chrome=79.0.3945.130)
Build info: version: '3.141.59', revision: 'e82be7d358', time: '2018-11-14T08:17:03'
System info: host: 'DESKTOP-ACARL6V', ip: '169.254.55.174', os.name: 'Windows 10', os.arch: 'amd64', os.version: '10.0', java.version: '12.0.1'
Driver info: org.openqa.selenium.chrome.ChromeDriver
Capabilities {acceptInsecureCerts: false, browserName: chrome, browserVersion: 79.0.3945.130, chrome: {chromedriverVersion: 79.0.3945.36 (3582db32b3389..., userDataDir: C:\Users\Shalini\AppData\Lo...}, goog:chromeOptions: {debuggerAddress: localhost:63595}, javascriptEnabled: true, networkConnectionEnabled: false, pageLoadStrategy: normal, platform: WINDOWS, platformName: WINDOWS, proxy: Proxy(), setWindowRect: true, strictFileInteractability: false, timeouts: {implicit: 0, pageLoad: 300000, script: 30000}, unhandledPromptBehavior: dismiss and notify}
Session ID: f6769fc77b47a0428e5c1dd272dd3193
at org.openqa.selenium.remote.http.W3CHttpResponseCodec.createException(W3CHttpResponseCodec.java:187)
at org.openqa.selenium.remote.http.W3CHttpResponseCodec.decode(W3CHttpResponseCodec.java:122)
at org.openqa.selenium.remote.http.W3CHttpResponseCodec.decode(W3CHttpResponseCodec.java:49)
at org.openqa.selenium.remote.HttpCommandExecutor.execute(HttpCommandExecutor.java:158)
at org.openqa.selenium.remote.service.DriverCommandExecutor.execute(DriverCommandExecutor.java:83)
at org.openqa.selenium.remote.RemoteWebDriver.execute(RemoteWebDriver.java:552)
at org.openqa.selenium.remote.RemoteWebDriver.execute(RemoteWebDriver.java:609)
at org.openqa.selenium.remote.RemoteWebDriver$RemoteWebDriverOptions$RemoteWindow.maximize(RemoteWebDriver.java:837)
at com.herokuapp.theinternet.NegativeTests.incorrectpasswordtest(NegativeTests.java:88)
at java.base/java.util.ArrayList.forEach(ArrayList.java:1540)
... Removed 32 stack frames]]>
    </failure>
  </testcase> <!-- incorrectpasswordtest -->
  <testcase classname="com.herokuapp.theinternet.NegativeTests" name="incorrectusernametest" time="21.561">
    <failure type="org.openqa.selenium.SessionNotCreatedException" message="session not created
from chrome not reachable
  (Session info: chrome=79.0.3945.130)
Build info: version: &amp;apos;3.141.59&amp;apos;, revision: &amp;apos;e82be7d358&amp;apos;, time: &amp;apos;2018-11-14T08:17:03&amp;apos;
System info: host: &amp;apos;DESKTOP-ACARL6V&amp;apos;, ip: &amp;apos;169.254.55.174&amp;apos;, os.name: &amp;apos;Windows 10&amp;apos;, os.arch: &amp;apos;amd64&amp;apos;, os.version: &amp;apos;10.0&amp;apos;, java.version: &amp;apos;12.0.1&amp;apos;
Driver info: driver.version: ChromeDriver
remote stacktrace: Backtrace:
	Ordinal0 [0x00D6A113+1548563]
	Ordinal0 [0x00CEDDA1+1039777]
	Ordinal0 [0x00C6E32E+516910]
	Ordinal0 [0x00C68012+491538]
	Ordinal0 [0x00C686EB+493291]
	Ordinal0 [0x00C69855+497749]
	Ordinal0 [0x00C65885+481413]
	Ordinal0 [0x00C6F0D0+520400]
	Ordinal0 [0x00C1C030+180272]
	Ordinal0 [0x00C1B59D+177565]
	Ordinal0 [0x00C195FB+169467]
	Ordinal0 [0x00C0160A+71178]
	Ordinal0 [0x00C02690+75408]
	Ordinal0 [0x00C02629+75305]
	Ordinal0 [0x00D071B7+1143223]
	GetHandleVerifier [0x00E02B46+507814]
	GetHandleVerifier [0x00E02864+507076]
	GetHandleVerifier [0x00E09F47+537511]
	GetHandleVerifier [0x00E03402+510050]
	Ordinal0 [0x00CFF29C+1110684]
	Ordinal0 [0x00D0938B+1151883]
	Ordinal0 [0x00D094F3+1152243]
	Ordinal0 [0x00D083F5+1147893]
	BaseThreadInitThunk [0x76666359+25]
	RtlGetAppContainerNamedObjectPath [0x77187B74+228]
	RtlGetAppContainerNamedObjectPath [0x77187B44+180]
">
      <![CDATA[org.openqa.selenium.SessionNotCreatedException: session not created
from chrome not reachable
  (Session info: chrome=79.0.3945.130)
Build info: version: '3.141.59', revision: 'e82be7d358', time: '2018-11-14T08:17:03'
System info: host: 'DESKTOP-ACARL6V', ip: '169.254.55.174', os.name: 'Windows 10', os.arch: 'amd64', os.version: '10.0', java.version: '12.0.1'
Driver info: driver.version: ChromeDriver
remote stacktrace: Backtrace:
Ordinal0 [0x00D6A113+1548563]
Ordinal0 [0x00CEDDA1+1039777]
Ordinal0 [0x00C6E32E+516910]
Ordinal0 [0x00C68012+491538]
Ordinal0 [0x00C686EB+493291]
Ordinal0 [0x00C69855+497749]
Ordinal0 [0x00C65885+481413]
Ordinal0 [0x00C6F0D0+520400]
Ordinal0 [0x00C1C030+180272]
Ordinal0 [0x00C1B59D+177565]
Ordinal0 [0x00C195FB+169467]
Ordinal0 [0x00C0160A+71178]
Ordinal0 [0x00C02690+75408]
Ordinal0 [0x00C02629+75305]
Ordinal0 [0x00D071B7+1143223]
GetHandleVerifier [0x00E02B46+507814]
GetHandleVerifier [0x00E02864+507076]
GetHandleVerifier [0x00E09F47+537511]
GetHandleVerifier [0x00E03402+510050]
Ordinal0 [0x00CFF29C+1110684]
Ordinal0 [0x00D0938B+1151883]
Ordinal0 [0x00D094F3+1152243]
Ordinal0 [0x00D083F5+1147893]
BaseThreadInitThunk [0x76666359+25]
RtlGetAppContainerNamedObjectPath [0x77187B74+228]
RtlGetAppContainerNamedObjectPath [0x77187B44+180]

at org.openqa.selenium.remote.W3CHandshakeResponse.lambda$errorHandler$0(W3CHandshakeResponse.java:62)
at org.openqa.selenium.remote.HandshakeResponse.lambda$getResponseFunction$0(HandshakeResponse.java:30)
at org.openqa.selenium.remote.ProtocolHandshake.lambda$createSession$0(ProtocolHandshake.java:126)
at java.base/java.util.stream.ReferencePipeline$3$1.accept(ReferencePipeline.java:195)
at java.base/java.util.Spliterators$ArraySpliterator.tryAdvance(Spliterators.java:958)
at java.base/java.util.stream.ReferencePipeline.forEachWithCancel(ReferencePipeline.java:127)
at java.base/java.util.stream.AbstractPipeline.copyIntoWithCancel(AbstractPipeline.java:502)
at java.base/java.util.stream.AbstractPipeline.copyInto(AbstractPipeline.java:488)
at java.base/java.util.stream.AbstractPipeline.wrapAndCopyInto(AbstractPipeline.java:474)
at java.base/java.util.stream.FindOps$FindOp.evaluateSequential(FindOps.java:150)
at java.base/java.util.stream.AbstractPipeline.evaluate(AbstractPipeline.java:234)
at java.base/java.util.stream.ReferencePipeline.findFirst(ReferencePipeline.java:543)
at org.openqa.selenium.remote.ProtocolHandshake.createSession(ProtocolHandshake.java:128)
at org.openqa.selenium.remote.ProtocolHandshake.createSession(ProtocolHandshake.java:74)
at org.openqa.selenium.remote.HttpCommandExecutor.execute(HttpCommandExecutor.java:136)
at org.openqa.selenium.remote.service.DriverCommandExecutor.execute(DriverCommandExecutor.java:83)
at org.openqa.selenium.remote.RemoteWebDriver.execute(RemoteWebDriver.java:552)
at org.openqa.selenium.remote.RemoteWebDriver.startSession(RemoteWebDriver.java:213)
at org.openqa.selenium.remote.RemoteWebDriver.<init>(RemoteWebDriver.java:131)
at org.openqa.selenium.chrome.ChromeDriver.<init>(ChromeDriver.java:181)
at org.openqa.selenium.chrome.ChromeDriver.<init>(ChromeDriver.java:168)
at org.openqa.selenium.chrome.ChromeDriver.<init>(ChromeDriver.java:123)
at com.herokuapp.theinternet.NegativeTests.incorrectusernametest(NegativeTests.java:20)
at java.base/java.util.ArrayList.forEach(ArrayList.java:1540)
... Removed 32 stack frames]]>
    </failure>
  </testcase> <!-- incorrectusernametest -->
</testsuite> <!-- NegativeTests -->
